\BOOKMARK [0][-]{chapter.1}{\376\377\000T\000\314\000M\000\040\000H\000I\036\302\000U\000\040\000V\036\300\000\040\000P\000H\036\246\000N\000\040\000M\036\300\000M\000\040\000A\000L\000T\000I\000U\000M\000\040\000D\000E\000S\000I\000G\000N\000E\000R}{}% 1
\BOOKMARK [1][-]{section.1.1}{\376\377\000T\000\354\000m\000\040\000h\000i\036\303\000u\000\040\000v\036\301\000\040\000p\000h\036\247\000n\000\040\000m\036\301\000m\000\040\000A\000l\000t\000i\000u\000m\000\040\000D\000e\000s\000i\000g\000n\000e\000r}{chapter.1}% 2
\BOOKMARK [1][-]{section.1.2}{\376\377\000T\000r\000\354\000n\000h\000\040\000t\036\361\000\040\000t\000h\000i\036\277\000t\000\040\000k\036\277\000\040\000m\036\241\000c\000h\000\040\000b\036\261\000n\000g\000\040\000p\000h\036\247\000n\000\040\000m\036\301\000m\000\040\000A\000l\000t\000i\000u\000m\000\040\000D\000e\000s\000i\000g\000n\000e\000r}{chapter.1}% 3
\BOOKMARK [1][-]{section.1.3}{\376\377\000S\001\241\000\040\001\021\036\323\000\040\000n\000g\000u\000y\000\352\000n\000\040\000l\000\375}{chapter.1}% 4
\BOOKMARK [2][-]{subsection.1.3.1}{\376\377\000S\001\241\000\040\000l\001\260\036\343\000c\000\040\000v\036\301\000\040\000s\001\241\000\040\001\021\036\323\000\040\000n\000g\000u\000y\000\352\000n\000\040\000l\000\375}{section.1.3}% 5
\BOOKMARK [2][-]{subsection.1.3.2}{\376\377\000V\000\355\000\040\000d\036\345\000\040\000v\036\301\000\040\000s\001\241\000\040\001\021\036\323\000\040\000n\000g\000u\000y\000\352\000n\000\040\000l\000\375}{section.1.3}% 6
\BOOKMARK [1][-]{section.1.4}{\376\377\000M\036\241\000c\000h\000\040\000i\000n\000\040\000P\000C\000B}{chapter.1}% 7
\BOOKMARK [2][-]{subsection.1.4.1}{\376\377\000S\001\241\000\040\000l\001\260\036\343\000c\000\040\000v\036\301\000\040\000m\036\241\000c\000h\000\040\000i\000n\000\040\000P\000C\000B}{section.1.4}% 8
\BOOKMARK [2][-]{subsection.1.4.2}{\376\377\000V\000\355\000\040\000d\036\345\000\040\000v\036\301\000\040\000m\036\241\000c\000h\000\040\000i\000n\000\040\000P\000C\000B}{section.1.4}% 9
\BOOKMARK [0][-]{chapter.2}{\376\377\000T\036\240\000O\000\040\000T\000H\001\257\000\040\000V\000I\036\306\000N\000\040\000S\000C\000H\000E\000M\000A\000T\000I\000C\000\040\000V\000\300\000\040\000P\000C\000B\000\040\0003\000D}{}% 10
\BOOKMARK [1][-]{section.2.1}{\376\377\000T\000r\000\354\000n\000h\000\040\000t\036\361\000\040\000t\036\241\000o\000\040\000t\000h\001\260\000\040\000v\000i\036\307\000n\000\040\000s\000c\000h\000e\000m\000a\000t\000i\000c}{chapter.2}% 11
\BOOKMARK [1][-]{section.2.2}{\376\377\000T\000r\000\354\000n\000h\000\040\000t\036\361\000\040\000t\036\241\000o\000\040\000t\000h\001\260\000\040\000v\000i\036\307\000n\000\040\000P\000C\000B\000\040}{chapter.2}% 12
\BOOKMARK [1][-]{section.2.3}{\376\377\000A\000d\000d\000\040\000t\000h\001\260\000\040\000v\000i\036\307\000n\000\040\000s\000c\000h\000e\000m\000a\000t\000i\000c\000\040\000v\000\340\000\040\000t\000h\001\260\000\040\000v\000i\036\307\000n\000\040\000P\000C\000B\000\040\000l\036\241\000i\000\040\000v\036\333\000i\000\040\000n\000h\000a\000u}{chapter.2}% 13
\BOOKMARK [0][-]{chapter.3}{\376\377\000M\036\240\000C\000H\000\040\000C\036\246\000U\000\040\000H}{}% 14
\BOOKMARK [1][-]{section.3.1}{\376\377\000C\036\245\000u\000\040\000t\036\241\000o\000\040\000c\036\347\000a\000\040\000m\036\241\000c\000h\000\040\000c\036\247\000u\000\040\000H}{chapter.3}% 15
\BOOKMARK [2][-]{subsection.3.1.1}{\376\377\000N\000g\000u\000y\000\352\000n\000\040\000l\000\375\000\040\000h\000o\036\241\000t\000\040\001\021\036\331\000n\000g\000\040\000c\036\347\000a\000\040\000m\036\241\000c\000h\000\040\000c\036\247\000u\000\040\000H}{section.3.1}% 16
\BOOKMARK [1][-]{section.3.2}{\376\377\036\350\000n\000g\000\040\000d\036\345\000n\000g\000\040\000m\036\241\000c\000h\000\040\000c\036\247\000u\000\040\000H\000\040\000t\000r\000o\000n\000g\000\040\000t\000h\036\361\000c\000\040\000t\036\277}{chapter.3}% 17
\BOOKMARK [0][-]{chapter.4}{\376\377\000E\000N\000C\000O\000D\000E\000R\000\040\000V\000\300\000\040\036\350\000N\000G\000\040\000D\036\344\000N\000G\000\040\000T\000R\000O\000N\000G\000\040\001\020\000I\036\300\000U\000\040\000K\000H\000I\036\302\000N\000\040\001\020\036\330\000N\000G\000\040\000C\001\240}{}% 18
\BOOKMARK [1][-]{section.4.1}{\376\377\000K\000h\000\341\000i\000\040\000n\000i\036\307\000m\000\040\000e\000n\000c\000o\000d\000e\000r}{chapter.4}% 19
\BOOKMARK [1][-]{section.4.2}{\376\377\000P\000h\000\342\000n\000\040\000l\000o\036\241\000i}{chapter.4}% 20
\BOOKMARK [1][-]{section.4.3}{\376\377\000C\036\245\000u\000\040\000t\036\241\000o\000\040\000c\036\347\000a\000\040\000e\000n\000c\000o\000d\000e\000r}{chapter.4}% 21
\BOOKMARK [1][-]{section.4.4}{\376\377\000N\000g\000u\000y\000\352\000n\000\040\000l\000\375\000\040\000h\000o\036\241\000t\000\040\001\021\036\331\000n\000g\000\040\000c\036\347\000a\000\040\000e\000n\000c\000o\000d\000e\000r}{chapter.4}% 22
\BOOKMARK [0][-]{chapter.5}{\376\377\000T\000\314\000M\000\040\000H\000I\036\302\000U\000\040\000C\000\301\000C\000\040\000L\000I\000N\000H\000\040\000K\000I\036\306\000N\000\040\000K\000H\000\301\000C}{}% 23
\BOOKMARK [1][-]{section.5.1}{\376\377\000B\036\331\000\040\001\021\000i\036\301\000u\000\040\000c\000h\036\311\000n\000h\000\040\000L\000M\0002\0005\0007\0006}{chapter.5}% 24
\BOOKMARK [2][-]{subsection.5.1.1}{\376\377\000G\000i\036\333\000i\000\040\000t\000h\000i\036\307\000u}{section.5.1}% 25
\BOOKMARK [2][-]{subsection.5.1.2}{\376\377\001\020\036\267\000c\000\040\001\021\000i\036\303\000m\000\040\000k\036\371\000\040\000t\000h\000u\036\255\000t}{section.5.1}% 26
\BOOKMARK [2][-]{subsection.5.1.3}{\376\377\000S\001\241\000\040\001\021\036\323\000\040\000c\000h\000\342\000n}{section.5.1}% 27
\BOOKMARK [2][-]{subsection.5.1.4}{\376\377\000C\000h\036\351\000c\000\040\000n\001\003\000n\000g\000\040\000t\036\353\000n\000g\000\040\000c\000h\000\342\000n\000\040\000c\036\347\000a\000\040\000L\000M\0002\0005\0007\0006}{section.5.1}% 28
\BOOKMARK [2][-]{subsection.5.1.5}{\376\377\036\350\000n\000g\000\040\000d\036\345\000n\000g}{section.5.1}% 29
\BOOKMARK [2][-]{subsection.5.1.6}{\376\377\000S\001\241\000\040\001\021\036\323\000\040\000m\036\241\000c\000h\000\040\036\351\000n\000g\000\040\000d\036\345\000n\000g}{section.5.1}% 30
\BOOKMARK [2][-]{subsection.5.1.7}{\376\377\000G\000i\036\243\000i\000\040\000t\000h\000\355\000c\000h\000\040\000c\000h\036\351\000c\000\040\000n\001\003\000n\000g\000\040\000c\036\347\000a\000\040\000m\036\241\000c\000h\000\040\036\351\000n\000g\000\040\000d\036\345\000n\000g}{section.5.1}% 31
\BOOKMARK [2][-]{subsection.5.1.8}{\376\377\000N\000g\000u\000y\000\352\000n\000\040\000l\000\375\000\040\000h\000o\036\241\000t\000\040\001\021\036\331\000n\000g}{section.5.1}% 32
\BOOKMARK [2][-]{subsection.5.1.9}{\376\377\000L\001\260\000u\000\040\000\375\000\040\000k\000h\000i\000\040\000s\036\355\000\040\000d\036\345\000n\000g}{section.5.1}% 33
\BOOKMARK [1][-]{section.5.2}{\376\377\000M\000\364\000-\001\021\000u\000n\000\040\001\021\000i\036\301\000u\000\040\000k\000h\000i\036\303\000n\000\040\001\021\036\331\000n\000g\000\040\000c\001\241\000\040\000B\000T\000S\0007\0009\0006\0000\000B}{chapter.5}% 34
\BOOKMARK [2][-]{subsection.5.2.1}{\376\377\000G\000i\036\333\000i\000\040\000t\000h\000i\036\307\000u}{section.5.2}% 35
\BOOKMARK [2][-]{subsection.5.2.2}{\376\377\001\020\036\267\000c\000\040\001\021\000i\036\303\000m\000\040\000k\036\371\000\040\000t\000h\000u\036\255\000t}{section.5.2}% 36
\BOOKMARK [2][-]{subsection.5.2.3}{\376\377\000S\001\241\000\040\001\021\036\323\000\040\000c\000h\000\342\000n}{section.5.2}% 37
\BOOKMARK [2][-]{subsection.5.2.4}{\376\377\036\350\000n\000g\000\040\000d\036\345\000n\000g}{section.5.2}% 38
\BOOKMARK [2][-]{subsection.5.2.5}{\376\377\000S\001\241\000\040\001\021\036\323\000\040\000m\036\241\000c\000h\000\040\036\351\000n\000g\000\040\000d\036\345\000n\000g}{section.5.2}% 39
\BOOKMARK [2][-]{subsection.5.2.6}{\376\377\000N\000g\000u\000y\000\352\000n\000\040\000l\000\375\000\040\000h\000o\036\241\000t\000\040\001\021\036\331\000n\000g}{section.5.2}% 40
\BOOKMARK [2][-]{subsection.5.2.7}{\376\377\000C\000h\036\351\000c\000\040\000n\001\003\000n\000g\000\040\000t\036\353\000n\000g\000\040\000c\000h\000\342\000n\000\040\000c\036\347\000a\000\040\000B\000T\000S\0007\0009\0006\0000\000B}{section.5.2}% 41
\BOOKMARK [2][-]{subsection.5.2.8}{\376\377\000G\000i\036\243\000i\000\040\000t\000h\000\355\000c\000h\000\040\000c\000h\036\351\000c\000\040\000n\001\003\000n\000g\000\040\000c\036\347\000a\000\040\000m\036\241\000c\000h\000\040\036\351\000n\000g\000\040\000d\036\345\000n\000g}{section.5.2}% 42
\BOOKMARK [0][-]{chapter.6}{\376\377\000B\036\242\000N\000\040\000V\036\274\000\040\000S\000C\000H\000E\000M\000A\000T\000I\000C\000\040\000H\000O\000\300\000N\000\040\000C\000H\036\310\000N\000H}{}% 43
\BOOKMARK [1][-]{section.6.1}{\376\377\000B\036\243\000n\000\040\000v\036\275\000\040\000s\000c\000h\000e\000m\000a\000t\000i\000c\000\040\000h\000o\000\340\000n\000\040\000c\000h\036\311\000n\000h}{chapter.6}% 44
\BOOKMARK [0][-]{chapter.7}{\376\377\000T\000H\000I\036\276\000T\000\040\000K\036\276\000\040\000P\000C\000B\000\040\000H\000O\000\300\000N\000\040\000C\000H\036\310\000N\000H\000\040\000M\036\240\000C\000H\000\040\001\020\001\257\036\342\000C\000\040\000G\000I\000A\000O}{}% 45
\BOOKMARK [1][-]{section.7.1}{\376\377\000Q\000u\000\341\000\040\000t\000r\000\354\000n\000h\000\040\000t\000h\000i\036\277\000t\000\040\000k\036\277\000\040\000P\000C\000B}{chapter.7}% 46
\BOOKMARK [1][-]{section.7.2}{\376\377\000M\036\331\000t\000\040\000s\036\321\000\040\000l\036\327\000i\000\040\000s\000a\000i\000\040\001\021\000\343\000\040\000m\036\257\000c\000\040\000p\000h\036\243\000i\000\040\000t\000r\000o\000n\000g\000\040\000q\000u\000\341\000\040\000t\000r\000\354\000n\000h\000\040\000l\000\340\000m}{chapter.7}% 47
